#
# There is insufficient memory for the Java Runtime Environment to continue.
# Native memory allocation (malloc) failed to allocate 2097152 bytes. Error detail: AllocateHeap
# Possible reasons:
#   The system is out of physical RAM or swap space
#   This process is running with CompressedOops enabled, and the Java Heap may be blocking the growth of the native heap
# Possible solutions:
#   Reduce memory load on the system
#   Increase physical memory or swap space
#   Check if swap backing store is full
#   Decrease Java heap size (-Xmx/-Xms)
#   Decrease number of Java threads
#   Decrease Java thread stack sizes (-Xss)
#   Set larger code cache with -XX:ReservedCodeCacheSize=
#   JVM is running with Unscaled Compressed Oops mode in which the Java heap is
#     placed in the first 4GB address space. The Java Heap base address is the
#     maximum limit for the native heap growth. Please use -XX:HeapBaseMinAddress
#     to set the Java Heap base and to place the Java Heap above 4GB virtual address.
# This output file may be truncated or incomplete.
#
#  Out of Memory Error (allocation.cpp:44), pid=6060, tid=3040
#
# JRE version: OpenJDK Runtime Environment Temurin-17.0.12+7 (17.0.12+7) (build 17.0.12+7)
# Java VM: OpenJDK 64-Bit Server VM Temurin-17.0.12+7 (17.0.12+7, mixed mode, emulated-client, tiered, compressed oops, compressed class ptrs, g1 gc, windows-amd64)
# No core dump will be written. Minidumps are not enabled by default on client versions of Windows
#

---------------  S U M M A R Y ------------

Command Line: -Xmx1024m -Dsts.lsp.client=vscode -Dsts.log.file=/dev/null -XX:TieredStopAtLevel=1 -Xlog:jni+resolve=off c:\Users\admin\.vscode\extensions\vmware.vscode-spring-boot-1.57.0\language-server\spring-boot-language-server-1.57.0-SNAPSHOT-exec.jar

Host: Intel(R) Core(TM) i5-7200U CPU @ 2.50GHz, 4 cores, 3G,  Windows 10 , 64 bit Build 19041 (10.0.19041.546)
Time: Fri Sep 20 16:16:18 2024 SE Asia Standard Time elapsed time: 111094.725376 seconds (1d 6h 51m 34s)

---------------  T H R E A D  ---------------

Current thread (0x0000020bbdd2e9e0):  VMThread "VM Thread" [stack: 0x000000811ff00000,0x0000008120000000] [id=3040]

Stack: [0x000000811ff00000,0x0000008120000000]
Native frames: (J=compiled Java code, j=interpreted, Vv=VM code, C=native code)
V  [jvm.dll+0x67f929]
V  [jvm.dll+0x8371ba]
V  [jvm.dll+0x838c7e]
V  [jvm.dll+0x8392e3]
V  [jvm.dll+0x24834f]
V  [jvm.dll+0xa70d3]
V  [jvm.dll+0x2f9101]
V  [jvm.dll+0x2f4d00]
V  [jvm.dll+0x2dd82f]
V  [jvm.dll+0x3201f7]
V  [jvm.dll+0x83d7dd]
V  [jvm.dll+0x83e522]
V  [jvm.dll+0x83ea4f]
V  [jvm.dll+0x83ee34]
V  [jvm.dll+0x83ef00]
V  [jvm.dll+0x7e65dc]
V  [jvm.dll+0x67e7f7]
C  [ucrtbase.dll+0x214c2]
C  [KERNEL32.DLL+0x17034]
C  [ntdll.dll+0x4cec1]

VM_Operation (0x00000081213fed10): G1CollectFull, mode: safepoint, requested by thread 0x0000020bcde13f30


---------------  P R O C E S S  ---------------

Threads class SMR info:
_java_thread_list=0x0000020bce71e400, length=22, elements={
0x0000020bc81b0730, 0x0000020bc81b15b0, 0x0000020bc81dd800, 0x0000020bc81e0590,
0x0000020bc81e1f60, 0x0000020bc81e2920, 0x0000020bc81e32e0, 0x0000020bc81e3ce0,
0x0000020bc8434d90, 0x0000020bc8436520, 0x0000020bcdc0c040, 0x0000020bcde13f30,
0x0000020bcde11bc0, 0x0000020bcde13000, 0x0000020bcde12af0, 0x0000020bcde10c90,
0x0000020bcde125e0, 0x0000020bcde120d0, 0x0000020bcde116b0, 0x0000020bcde13510,
0x0000020bcde13a20, 0x0000020bce7096a0
}

Java Threads: ( => current thread )
  0x0000020bc81b0730 JavaThread "Reference Handler" daemon [_thread_blocked, id=5224, stack(0x0000008120000000,0x0000008120100000)]
  0x0000020bc81b15b0 JavaThread "Finalizer" daemon [_thread_blocked, id=1152, stack(0x0000008120100000,0x0000008120200000)]
  0x0000020bc81dd800 JavaThread "Signal Dispatcher" daemon [_thread_blocked, id=10592, stack(0x0000008120200000,0x0000008120300000)]
  0x0000020bc81e0590 JavaThread "Attach Listener" daemon [_thread_blocked, id=1420, stack(0x0000008120300000,0x0000008120400000)]
  0x0000020bc81e1f60 JavaThread "Service Thread" daemon [_thread_blocked, id=7396, stack(0x0000008120400000,0x0000008120500000)]
  0x0000020bc81e2920 JavaThread "Monitor Deflation Thread" daemon [_thread_blocked, id=7496, stack(0x0000008120500000,0x0000008120600000)]
  0x0000020bc81e32e0 JavaThread "C1 CompilerThread0" daemon [_thread_blocked, id=6056, stack(0x0000008120600000,0x0000008120700000)]
  0x0000020bc81e3ce0 JavaThread "Sweeper thread" daemon [_thread_blocked, id=892, stack(0x0000008120700000,0x0000008120800000)]
  0x0000020bc8434d90 JavaThread "Notification Thread" daemon [_thread_blocked, id=5228, stack(0x0000008120800000,0x0000008120900000)]
  0x0000020bc8436520 JavaThread "Common-Cleaner" daemon [_thread_blocked, id=1664, stack(0x0000008120a00000,0x0000008120b00000)]
  0x0000020bcdc0c040 JavaThread "boundedElastic-evictor-1" daemon [_thread_blocked, id=1800, stack(0x0000008121200000,0x0000008121300000)]
  0x0000020bcde13f30 JavaThread "pool-13-thread-1" [_thread_blocked, id=4376, stack(0x0000008121300000,0x0000008121400000)]
  0x0000020bcde11bc0 JavaThread "LanguageServerApp-lifecycle" [_thread_blocked, id=10680, stack(0x0000008121400000,0x0000008121500000)]
  0x0000020bcde13000 JavaThread "DestroyJavaVM" [_thread_blocked, id=2796, stack(0x000000811f900000,0x000000811fa00000)]
  0x0000020bcde12af0 JavaThread "pool-14-thread-1" [_thread_in_native, id=10552, stack(0x0000008121500000,0x0000008121600000)]
  0x0000020bcde10c90 JavaThread "Simple-Language-Server main thread" daemon [_thread_blocked, id=7160, stack(0x0000008121600000,0x0000008121700000)]
  0x0000020bcde125e0 JavaThread "parallel-1" daemon [_thread_blocked, id=8512, stack(0x0000008121900000,0x0000008121a00000)]
  0x0000020bcde120d0 JavaThread "pool-6-thread-1" [_thread_blocked, id=6552, stack(0x0000008121a00000,0x0000008121b00000)]
  0x0000020bcde116b0 JavaThread "parallel-2" daemon [_thread_blocked, id=1676, stack(0x0000008121b00000,0x0000008121c00000)]
  0x0000020bcde13510 JavaThread "pool-8-thread-1" [_thread_blocked, id=7976, stack(0x000000811f700000,0x000000811f800000)]
  0x0000020bcde13a20 JavaThread "parallel-3" daemon [_thread_blocked, id=8312, stack(0x000000811f800000,0x000000811f900000)]
  0x0000020bce7096a0 JavaThread "Reconciler-1" daemon [_thread_blocked, id=1500, stack(0x0000008121000000,0x0000008121100000)]

Other Threads:
=>0x0000020bbdd2e9e0 VMThread "VM Thread" [stack: 0x000000811ff00000,0x0000008120000000] [id=3040]
  0x0000020bc8435270 WatcherThread [stack: 0x0000008120900000,0x0000008120a00000] [id=8320]
  0x0000020bbdc9e150 GCTaskThread "GC Thread#0" [stack: 0x000000811fa00000,0x000000811fb00000] [id=8984]
  0x0000020bc8b4b030 GCTaskThread "GC Thread#1" [stack: 0x0000008120c00000,0x0000008120d00000] [id=1352]
  0x0000020bc8b565f0 GCTaskThread "GC Thread#2" [stack: 0x0000008120d00000,0x0000008120e00000] [id=10328]
  0x0000020bc8db9190 GCTaskThread "GC Thread#3" [stack: 0x0000008120e00000,0x0000008120f00000] [id=1740]
  0x0000020bbdca70a0 ConcurrentGCThread "G1 Main Marker" [stack: 0x000000811fb00000,0x000000811fc00000] [id=10136]
  0x0000020bbdca7ac0 ConcurrentGCThread "G1 Conc#0" [stack: 0x000000811fc00000,0x000000811fd00000] [id=7076]
  0x0000020bbdcf97a0 ConcurrentGCThread "G1 Refine#0" [stack: 0x000000811fd00000,0x000000811fe00000] [id=5780]
  0x0000020bbdcfa1d0 ConcurrentGCThread "G1 Service" [stack: 0x000000811fe00000,0x000000811ff00000] [id=8112]

Threads with active compile tasks:

VM state: at safepoint (normal execution)

VM Mutex/Monitor currently owned by a thread:  ([mutex/lock_event])
[0x0000020bbdc5ae00] Threads_lock - owner thread: 0x0000020bbdd2e9e0
[0x0000020bbdc5c120] Heap_lock - owner thread: 0x0000020bcde13f30

Heap address: 0x00000000c0000000, size: 1024 MB, Compressed Oops mode: 32-bit

CDS archive(s) not mapped
Compressed class space mapped at: 0x0000000100000000-0x0000000140000000, reserved size: 1073741824
Narrow klass base: 0x0000000000000000, Narrow klass shift: 3, Narrow klass range: 0x140000000

GC Precious Log:
 CPUs: 4 total, 4 available
 Memory: 4012M
 Large Page Support: Disabled
 NUMA Support: Disabled
 Compressed Oops: Enabled (32-bit)
 Heap Region Size: 1M
 Heap Min Capacity: 8M
 Heap Initial Capacity: 64M
 Heap Max Capacity: 1G
 Pre-touch: Disabled
 Parallel Workers: 4
 Concurrent Workers: 1
 Concurrent Refinement Workers: 4
 Periodic GC: Disabled

Heap:
 garbage-first heap   total 75776K, used 38222K [0x00000000c0000000, 0x0000000100000000)
  region size 1024K, 1 young (1024K), 0 survivors (0K)
 Metaspace       used 59902K, committed 60288K, reserved 1114112K
  class space    used 7496K, committed 7680K, reserved 1048576K

Heap Regions: E=young(eden), S=young(survivor), O=old, HS=humongous(starts), HC=humongous(continues), CS=collection set, F=free, OA=open archive, CA=closed archive, TAMS=top-at-mark-start (previous, next)
|   0|0x00000000c0000000, 0x00000000c0100000, 0x00000000c0100000|100%|HS|  |TAMS 0x00000000c0100000, 0x00000000c0000000| Untracked 
|   1|0x00000000c0100000, 0x00000000c0200000, 0x00000000c0200000|100%|HC|  |TAMS 0x00000000c0200000, 0x00000000c0100000| Untracked 
|   2|0x00000000c0200000, 0x00000000c0300000, 0x00000000c0300000|100%|HC|  |TAMS 0x00000000c0300000, 0x00000000c0200000| Untracked 
|   3|0x00000000c0300000, 0x00000000c0400000, 0x00000000c0400000|100%|HC|  |TAMS 0x00000000c0400000, 0x00000000c0300000| Untracked 
|   4|0x00000000c0400000, 0x00000000c0500000, 0x00000000c0500000|100%|HS|  |TAMS 0x00000000c0500000, 0x00000000c0400000| Untracked 
|   5|0x00000000c0500000, 0x00000000c0600000, 0x00000000c0600000|100%|HC|  |TAMS 0x00000000c0600000, 0x00000000c0500000| Untracked 
|   6|0x00000000c0600000, 0x00000000c0700000, 0x00000000c0700000|100%| O|  |TAMS 0x00000000c0700000, 0x00000000c0600000| Untracked 
|   7|0x00000000c0700000, 0x00000000c07ffff0, 0x00000000c0800000| 99%| O|  |TAMS 0x00000000c07ffff0, 0x00000000c0700000| Untracked 
|   8|0x00000000c0800000, 0x00000000c0900000, 0x00000000c0900000|100%| O|  |TAMS 0x00000000c0900000, 0x00000000c0800000| Untracked 
|   9|0x00000000c0900000, 0x00000000c09fa358, 0x00000000c0a00000| 97%| O|  |TAMS 0x00000000c09fa358, 0x00000000c0900000| Untracked 
|  10|0x00000000c0a00000, 0x00000000c0b00000, 0x00000000c0b00000|100%| O|  |TAMS 0x00000000c0b00000, 0x00000000c0a00000| Untracked 
|  11|0x00000000c0b00000, 0x00000000c0c00000, 0x00000000c0c00000|100%| O|  |TAMS 0x00000000c0c00000, 0x00000000c0b00000| Untracked 
|  12|0x00000000c0c00000, 0x00000000c0cffff0, 0x00000000c0d00000| 99%| O|  |TAMS 0x00000000c0cffff0, 0x00000000c0c00000| Untracked 
|  13|0x00000000c0d00000, 0x00000000c0e00000, 0x00000000c0e00000|100%| O|  |TAMS 0x00000000c0e00000, 0x00000000c0d00000| Untracked 
|  14|0x00000000c0e00000, 0x00000000c0effff0, 0x00000000c0f00000| 99%| O|  |TAMS 0x00000000c0effff0, 0x00000000c0e00000| Untracked 
|  15|0x00000000c0f00000, 0x00000000c0fffff8, 0x00000000c1000000| 99%| O|  |TAMS 0x00000000c0fffff8, 0x00000000c0f00000| Untracked 
|  16|0x00000000c1000000, 0x00000000c1100000, 0x00000000c1100000|100%| O|  |TAMS 0x00000000c1100000, 0x00000000c1000000| Untracked 
|  17|0x00000000c1100000, 0x00000000c11ffff8, 0x00000000c1200000| 99%| O|  |TAMS 0x00000000c11ffff8, 0x00000000c1100000| Untracked 
|  18|0x00000000c1200000, 0x00000000c12fffe0, 0x00000000c1300000| 99%| O|  |TAMS 0x00000000c12fffe0, 0x00000000c1200000| Untracked 
|  19|0x00000000c1300000, 0x00000000c13fffe8, 0x00000000c1400000| 99%| O|  |TAMS 0x00000000c13fffe8, 0x00000000c1300000| Untracked 
|  20|0x00000000c1400000, 0x00000000c14ffff8, 0x00000000c1500000| 99%| O|  |TAMS 0x00000000c14ffff8, 0x00000000c1400000| Untracked 
|  21|0x00000000c1500000, 0x00000000c1600000, 0x00000000c1600000|100%| O|  |TAMS 0x00000000c1600000, 0x00000000c1500000| Untracked 
|  22|0x00000000c1600000, 0x00000000c16fdd18, 0x00000000c1700000| 99%| O|  |TAMS 0x00000000c16fdd18, 0x00000000c1600000| Untracked 
|  23|0x00000000c1700000, 0x00000000c17ffed8, 0x00000000c1800000| 99%| O|  |TAMS 0x00000000c17ffed8, 0x00000000c1700000| Untracked 
|  24|0x00000000c1800000, 0x00000000c18fba88, 0x00000000c1900000| 98%| O|  |TAMS 0x00000000c18fba88, 0x00000000c1800000| Untracked 
|  25|0x00000000c1900000, 0x00000000c19fffe0, 0x00000000c1a00000| 99%| O|  |TAMS 0x00000000c19fffe0, 0x00000000c1900000| Untracked 
|  26|0x00000000c1a00000, 0x00000000c1b00000, 0x00000000c1b00000|100%| O|  |TAMS 0x00000000c1b00000, 0x00000000c1a00000| Untracked 
|  27|0x00000000c1b00000, 0x00000000c1bfef58, 0x00000000c1c00000| 99%| O|  |TAMS 0x00000000c1bfef58, 0x00000000c1b00000| Untracked 
|  28|0x00000000c1c00000, 0x00000000c1cfff98, 0x00000000c1d00000| 99%| O|  |TAMS 0x00000000c1cfff98, 0x00000000c1c00000| Untracked 
|  29|0x00000000c1d00000, 0x00000000c1e00000, 0x00000000c1e00000|100%| O|  |TAMS 0x00000000c1e00000, 0x00000000c1d00000| Untracked 
|  30|0x00000000c1e00000, 0x00000000c1f00000, 0x00000000c1f00000|100%| O|  |TAMS 0x00000000c1f00000, 0x00000000c1e00000| Untracked 
|  31|0x00000000c1f00000, 0x00000000c2000000, 0x00000000c2000000|100%| O|  |TAMS 0x00000000c2000000, 0x00000000c1f00000| Untracked 
|  32|0x00000000c2000000, 0x00000000c20fffe0, 0x00000000c2100000| 99%| O|  |TAMS 0x00000000c20fffe0, 0x00000000c2000000| Untracked 
|  33|0x00000000c2100000, 0x00000000c21ffff0, 0x00000000c2200000| 99%| O|  |TAMS 0x00000000c21ffff0, 0x00000000c2100000| Untracked 
|  34|0x00000000c2200000, 0x00000000c22fff60, 0x00000000c2300000| 99%| O|  |TAMS 0x00000000c22fff60, 0x00000000c2200000| Untracked 
|  35|0x00000000c2300000, 0x00000000c23fc950, 0x00000000c2400000| 98%| O|  |TAMS 0x00000000c23fc950, 0x00000000c2300000| Untracked 
|  36|0x00000000c2400000, 0x00000000c2463c68, 0x00000000c2500000| 38%| O|  |TAMS 0x00000000c2400000, 0x00000000c2400000| Untracked 
|  37|0x00000000c2500000, 0x00000000c2600000, 0x00000000c2600000|100%| O|  |TAMS 0x00000000c2600000, 0x00000000c2500000| Untracked 
|  38|0x00000000c2600000, 0x00000000c2600db8, 0x00000000c2700000|  0%| O|  |TAMS 0x00000000c2600000, 0x00000000c2600000| Untracked 
|  39|0x00000000c2700000, 0x00000000c2700000, 0x00000000c2800000|  0%| F|  |TAMS 0x00000000c2700000, 0x00000000c2700000| Untracked 
|  40|0x00000000c2800000, 0x00000000c2800000, 0x00000000c2900000|  0%| F|  |TAMS 0x00000000c2800000, 0x00000000c2800000| Untracked 
|  41|0x00000000c2900000, 0x00000000c2900000, 0x00000000c2a00000|  0%| F|  |TAMS 0x00000000c2900000, 0x00000000c2900000| Untracked 
|  42|0x00000000c2a00000, 0x00000000c2a00000, 0x00000000c2b00000|  0%| F|  |TAMS 0x00000000c2a00000, 0x00000000c2a00000| Untracked 
|  43|0x00000000c2b00000, 0x00000000c2b00000, 0x00000000c2c00000|  0%| F|  |TAMS 0x00000000c2b00000, 0x00000000c2b00000| Untracked 
|  44|0x00000000c2c00000, 0x00000000c2c00000, 0x00000000c2d00000|  0%| F|  |TAMS 0x00000000c2c00000, 0x00000000c2c00000| Untracked 
|  45|0x00000000c2d00000, 0x00000000c2d00000, 0x00000000c2e00000|  0%| F|  |TAMS 0x00000000c2d00000, 0x00000000c2d00000| Untracked 
|  46|0x00000000c2e00000, 0x00000000c2e00000, 0x00000000c2f00000|  0%| F|  |TAMS 0x00000000c2e00000, 0x00000000c2e00000| Untracked 
|  47|0x00000000c2f00000, 0x00000000c2f00000, 0x00000000c3000000|  0%| F|  |TAMS 0x00000000c2f00000, 0x00000000c2f00000| Untracked 
|  48|0x00000000c3000000, 0x00000000c3000000, 0x00000000c3100000|  0%| F|  |TAMS 0x00000000c3000000, 0x00000000c3000000| Untracked 
|  49|0x00000000c3100000, 0x00000000c3100000, 0x00000000c3200000|  0%| F|  |TAMS 0x00000000c3100000, 0x00000000c3100000| Untracked 
|  50|0x00000000c3200000, 0x00000000c3200000, 0x00000000c3300000|  0%| F|  |TAMS 0x00000000c3200000, 0x00000000c3200000| Untracked 
|  51|0x00000000c3300000, 0x00000000c3300000, 0x00000000c3400000|  0%| F|  |TAMS 0x00000000c3300000, 0x00000000c3300000| Untracked 
|  52|0x00000000c3400000, 0x00000000c3400000, 0x00000000c3500000|  0%| F|  |TAMS 0x00000000c3400000, 0x00000000c3400000| Untracked 
|  53|0x00000000c3500000, 0x00000000c3500000, 0x00000000c3600000|  0%| F|  |TAMS 0x00000000c3500000, 0x00000000c3500000| Untracked 
|  54|0x00000000c3600000, 0x00000000c3600000, 0x00000000c3700000|  0%| F|  |TAMS 0x00000000c3600000, 0x00000000c3600000| Untracked 
|  55|0x00000000c3700000, 0x00000000c3700000, 0x00000000c3800000|  0%| F|  |TAMS 0x00000000c3700000, 0x00000000c3700000| Untracked 
|  56|0x00000000c3800000, 0x00000000c3800000, 0x00000000c3900000|  0%| F|  |TAMS 0x00000000c3800000, 0x00000000c3800000| Untracked 
|  57|0x00000000c3900000, 0x00000000c3900000, 0x00000000c3a00000|  0%| F|  |TAMS 0x00000000c3900000, 0x00000000c3900000| Untracked 
|  58|0x00000000c3a00000, 0x00000000c3a00000, 0x00000000c3b00000|  0%| F|  |TAMS 0x00000000c3a00000, 0x00000000c3a00000| Untracked 
|  59|0x00000000c3b00000, 0x00000000c3b00000, 0x00000000c3c00000|  0%| F|  |TAMS 0x00000000c3b00000, 0x00000000c3b00000| Untracked 
|  60|0x00000000c3c00000, 0x00000000c3c00000, 0x00000000c3d00000|  0%| F|  |TAMS 0x00000000c3c00000, 0x00000000c3c00000| Untracked 
|  61|0x00000000c3d00000, 0x00000000c3d00000, 0x00000000c3e00000|  0%| F|  |TAMS 0x00000000c3d00000, 0x00000000c3d00000| Untracked 
|  62|0x00000000c3e00000, 0x00000000c3e00000, 0x00000000c3f00000|  0%| F|  |TAMS 0x00000000c3e00000, 0x00000000c3e00000| Untracked 
|  63|0x00000000c3f00000, 0x00000000c3f00000, 0x00000000c4000000|  0%| F|  |TAMS 0x00000000c3f00000, 0x00000000c3f00000| Untracked 
|  64|0x00000000c4000000, 0x00000000c4000000, 0x00000000c4100000|  0%| F|  |TAMS 0x00000000c4000000, 0x00000000c4000000| Untracked 
|  65|0x00000000c4100000, 0x00000000c4100000, 0x00000000c4200000|  0%| F|  |TAMS 0x00000000c4100000, 0x00000000c4100000| Untracked 
|  66|0x00000000c4200000, 0x00000000c4200000, 0x00000000c4300000|  0%| F|  |TAMS 0x00000000c4200000, 0x00000000c4200000| Untracked 
|  67|0x00000000c4300000, 0x00000000c4300000, 0x00000000c4400000|  0%| F|  |TAMS 0x00000000c4300000, 0x00000000c4300000| Untracked 
|  68|0x00000000c4400000, 0x00000000c4400000, 0x00000000c4500000|  0%| F|  |TAMS 0x00000000c4400000, 0x00000000c4400000| Untracked 
|  69|0x00000000c4500000, 0x00000000c4500000, 0x00000000c4600000|  0%| F|  |TAMS 0x00000000c4500000, 0x00000000c4500000| Untracked 
|  70|0x00000000c4600000, 0x00000000c4600000, 0x00000000c4700000|  0%| F|  |TAMS 0x00000000c4600000, 0x00000000c4600000| Untracked 
|  71|0x00000000c4700000, 0x00000000c4700000, 0x00000000c4800000|  0%| F|  |TAMS 0x00000000c4700000, 0x00000000c4700000| Untracked 
|  72|0x00000000c4800000, 0x00000000c4800000, 0x00000000c4900000|  0%| F|  |TAMS 0x00000000c4800000, 0x00000000c4800000| Untracked 
|  73|0x00000000c4900000, 0x00000000c490ad90, 0x00000000c4a00000|  4%| E|  |TAMS 0x00000000c4900000, 0x00000000c4900000| Complete 

Card table byte_map: [0x0000020bc3910000,0x0000020bc3b10000] _byte_map_base: 0x0000020bc3310000

Marking Bits (Prev, Next): (CMBitMap*) 0x0000020bbdc9e770, (CMBitMap*) 0x0000020bbdc9e7b0
 Prev Bits: [0x0000020bc3d10000, 0x0000020bc4d10000)
 Next Bits: [0x0000020bc4d10000, 0x0000020bc5d10000)

Polling page: 0x0000020bbbb20000

Metaspace:

Usage:
  Non-class:     51.18 MB used.
      Class:      7.32 MB used.
       Both:     58.50 MB used.

Virtual space:
  Non-class space:       64.00 MB reserved,      51.38 MB ( 80%) committed,  1 nodes.
      Class space:        1.00 GB reserved,       7.50 MB ( <1%) committed,  1 nodes.
             Both:        1.06 GB reserved,      58.88 MB (  5%) committed. 

Chunk freelists:
   Non-Class:  12.54 MB
       Class:  8.41 MB
        Both:  20.95 MB

MaxMetaspaceSize: unlimited
CompressedClassSpaceSize: 1.00 GB
Initial GC threshold: 21.00 MB
Current GC threshold: 98.12 MB
CDS: off
MetaspaceReclaimPolicy: balanced
 - commit_granule_bytes: 65536.
 - commit_granule_words: 8192.
 - virtual_space_node_default_size: 8388608.
 - enlarge_chunks_in_place: 1.
 - new_chunks_are_fully_committed: 0.
 - uncommit_free_chunks: 1.
 - use_allocation_guard: 0.
 - handle_deallocations: 1.


Internal statistics:

num_allocs_failed_limit: 8.
num_arena_births: 736.
num_arena_deaths: 284.
num_vsnodes_births: 2.
num_vsnodes_deaths: 0.
num_space_committed: 941.
num_space_uncommitted: 0.
num_chunks_returned_to_freelist: 343.
num_chunks_taken_from_freelist: 2689.
num_chunk_merges: 114.
num_chunk_splits: 1802.
num_chunks_enlarged: 1369.
num_inconsistent_stats: 0.

CodeCache: size=49152Kb used=10017Kb max_used=11141Kb free=39134Kb
 bounds [0x0000020bc0910000, 0x0000020bc1420000, 0x0000020bc3910000]
 total_blobs=6183 nmethods=5535 adapters=575
 compilation: enabled
              stopped_count=0, restarted_count=0
 full_count=0

Compilation events (20 events):
Event: 24283.516 Thread 0x0000020bceafd890 nmethod 5531 0x0000020bc128ba10 code [0x0000020bc128bba0, 0x0000020bc128bc78]
Event: 24283.516 Thread 0x0000020bceafd890 5532       1       org.eclipse.jdt.internal.compiler.classfmt.ClassFileReader::getSuperclassName (5 bytes)
Event: 24283.517 Thread 0x0000020bceafd890 nmethod 5532 0x0000020bc128b710 code [0x0000020bc128b8a0, 0x0000020bc128b978]
Event: 24283.517 Thread 0x0000020bceafd890 5533       1       org.eclipse.jdt.internal.compiler.classfmt.ClassFileReader::getPermittedSubtypeNames (5 bytes)
Event: 24283.517 Thread 0x0000020bceafd890 nmethod 5533 0x0000020bc128b410 code [0x0000020bc128b5a0, 0x0000020bc128b678]
Event: 24283.517 Thread 0x0000020bceafd890 5534       1       org.eclipse.jdt.internal.compiler.classfmt.ClassFileReader::isRecord (5 bytes)
Event: 24283.517 Thread 0x0000020bceafd890 nmethod 5534 0x0000020bc128b110 code [0x0000020bc128b2a0, 0x0000020bc128b378]
Event: 24283.517 Thread 0x0000020bceafd890 5535       1       org.eclipse.jdt.internal.compiler.classfmt.ClassFileReader::getFields (5 bytes)
Event: 24283.517 Thread 0x0000020bcd9be3a0 5536       1       org.eclipse.jdt.internal.compiler.classfmt.ClassFileReader::getMethods (5 bytes)
Event: 24283.518 Thread 0x0000020bc81e32e0 nmethod 5516 0x0000020bc128a910 code [0x0000020bc128ab20, 0x0000020bc128af78]
Event: 24283.518 Thread 0x0000020bc81e32e0 5521       1       org.eclipse.jdt.internal.compiler.lookup.ModuleBinding::name (5 bytes)
Event: 24283.518 Thread 0x0000020bc81e32e0 nmethod 5521 0x0000020bc128a610 code [0x0000020bc128a7a0, 0x0000020bc128a878]
Event: 24283.519 Thread 0x0000020bcd9be3a0 nmethod 5536 0x0000020bc128a310 code [0x0000020bc128a4a0, 0x0000020bc128a578]
Event: 24283.520 Thread 0x0000020bceafd890 nmethod 5535 0x0000020bc128a010 code [0x0000020bc128a1a0, 0x0000020bc128a278]
Event: 110911.304 Thread 0x0000020bc81e32e0 5537       1       java.math.BigDecimal::signum (29 bytes)
Event: 110911.362 Thread 0x0000020bc81e32e0 nmethod 5537 0x0000020bc1289c90 code [0x0000020bc1289e20, 0x0000020bc1289f38]
Event: 110911.363 Thread 0x0000020bc81e32e0 5538       1       java.lang.Long::signum (12 bytes)
Event: 110911.364 Thread 0x0000020bc81e32e0 nmethod 5538 0x0000020bc1289990 code [0x0000020bc1289b20, 0x0000020bc1289bd8]
Event: 110931.396 Thread 0x0000020bc81e32e0 5539       1       java.lang.Module::getName (5 bytes)
Event: 110931.398 Thread 0x0000020bc81e32e0 nmethod 5539 0x0000020bc1289690 code [0x0000020bc1289820, 0x0000020bc12898f8]

GC Heap History (20 events):
Event: 110992.798 GC heap after
{Heap after GC invocations=1430 (full 1407):
 garbage-first heap   total 75776K, used 38222K [0x00000000c0000000, 0x0000000100000000)
  region size 1024K, 0 young (0K), 0 survivors (0K)
 Metaspace       used 59902K, committed 60288K, reserved 1114112K
  class space    used 7496K, committed 7680K, reserved 1048576K
}
Event: 111002.959 GC heap before
{Heap before GC invocations=1430 (full 1407):
 garbage-first heap   total 75776K, used 38222K [0x00000000c0000000, 0x0000000100000000)
  region size 1024K, 1 young (1024K), 0 survivors (0K)
 Metaspace       used 59902K, committed 60288K, reserved 1114112K
  class space    used 7496K, committed 7680K, reserved 1048576K
}
Event: 111002.991 GC heap after
{Heap after GC invocations=1431 (full 1408):
 garbage-first heap   total 75776K, used 38222K [0x00000000c0000000, 0x0000000100000000)
  region size 1024K, 0 young (0K), 0 survivors (0K)
 Metaspace       used 59902K, committed 60288K, reserved 1114112K
  class space    used 7496K, committed 7680K, reserved 1048576K
}
Event: 111013.165 GC heap before
{Heap before GC invocations=1431 (full 1408):
 garbage-first heap   total 75776K, used 38222K [0x00000000c0000000, 0x0000000100000000)
  region size 1024K, 1 young (1024K), 0 survivors (0K)
 Metaspace       used 59902K, committed 60288K, reserved 1114112K
  class space    used 7496K, committed 7680K, reserved 1048576K
}
Event: 111013.196 GC heap after
{Heap after GC invocations=1432 (full 1409):
 garbage-first heap   total 75776K, used 38222K [0x00000000c0000000, 0x0000000100000000)
  region size 1024K, 0 young (0K), 0 survivors (0K)
 Metaspace       used 59902K, committed 60288K, reserved 1114112K
  class space    used 7496K, committed 7680K, reserved 1048576K
}
Event: 111023.344 GC heap before
{Heap before GC invocations=1432 (full 1409):
 garbage-first heap   total 75776K, used 38222K [0x00000000c0000000, 0x0000000100000000)
  region size 1024K, 1 young (1024K), 0 survivors (0K)
 Metaspace       used 59902K, committed 60288K, reserved 1114112K
  class space    used 7496K, committed 7680K, reserved 1048576K
}
Event: 111023.381 GC heap after
{Heap after GC invocations=1433 (full 1410):
 garbage-first heap   total 75776K, used 38222K [0x00000000c0000000, 0x0000000100000000)
  region size 1024K, 0 young (0K), 0 survivors (0K)
 Metaspace       used 59902K, committed 60288K, reserved 1114112K
  class space    used 7496K, committed 7680K, reserved 1048576K
}
Event: 111033.526 GC heap before
{Heap before GC invocations=1433 (full 1410):
 garbage-first heap   total 75776K, used 38222K [0x00000000c0000000, 0x0000000100000000)
  region size 1024K, 1 young (1024K), 0 survivors (0K)
 Metaspace       used 59902K, committed 60288K, reserved 1114112K
  class space    used 7496K, committed 7680K, reserved 1048576K
}
Event: 111033.557 GC heap after
{Heap after GC invocations=1434 (full 1411):
 garbage-first heap   total 75776K, used 38222K [0x00000000c0000000, 0x0000000100000000)
  region size 1024K, 0 young (0K), 0 survivors (0K)
 Metaspace       used 59902K, committed 60288K, reserved 1114112K
  class space    used 7496K, committed 7680K, reserved 1048576K
}
Event: 111043.711 GC heap before
{Heap before GC invocations=1434 (full 1411):
 garbage-first heap   total 75776K, used 38222K [0x00000000c0000000, 0x0000000100000000)
  region size 1024K, 1 young (1024K), 0 survivors (0K)
 Metaspace       used 59902K, committed 60288K, reserved 1114112K
  class space    used 7496K, committed 7680K, reserved 1048576K
}
Event: 111043.744 GC heap after
{Heap after GC invocations=1435 (full 1412):
 garbage-first heap   total 75776K, used 38222K [0x00000000c0000000, 0x0000000100000000)
  region size 1024K, 0 young (0K), 0 survivors (0K)
 Metaspace       used 59902K, committed 60288K, reserved 1114112K
  class space    used 7496K, committed 7680K, reserved 1048576K
}
Event: 111053.930 GC heap before
{Heap before GC invocations=1435 (full 1412):
 garbage-first heap   total 75776K, used 38222K [0x00000000c0000000, 0x0000000100000000)
  region size 1024K, 1 young (1024K), 0 survivors (0K)
 Metaspace       used 59902K, committed 60288K, reserved 1114112K
  class space    used 7496K, committed 7680K, reserved 1048576K
}
Event: 111053.964 GC heap after
{Heap after GC invocations=1436 (full 1413):
 garbage-first heap   total 75776K, used 38222K [0x00000000c0000000, 0x0000000100000000)
  region size 1024K, 0 young (0K), 0 survivors (0K)
 Metaspace       used 59902K, committed 60288K, reserved 1114112K
  class space    used 7496K, committed 7680K, reserved 1048576K
}
Event: 111064.118 GC heap before
{Heap before GC invocations=1436 (full 1413):
 garbage-first heap   total 75776K, used 38222K [0x00000000c0000000, 0x0000000100000000)
  region size 1024K, 1 young (1024K), 0 survivors (0K)
 Metaspace       used 59902K, committed 60288K, reserved 1114112K
  class space    used 7496K, committed 7680K, reserved 1048576K
}
Event: 111064.147 GC heap after
{Heap after GC invocations=1437 (full 1414):
 garbage-first heap   total 75776K, used 38222K [0x00000000c0000000, 0x0000000100000000)
  region size 1024K, 0 young (0K), 0 survivors (0K)
 Metaspace       used 59902K, committed 60288K, reserved 1114112K
  class space    used 7496K, committed 7680K, reserved 1048576K
}
Event: 111074.314 GC heap before
{Heap before GC invocations=1437 (full 1414):
 garbage-first heap   total 75776K, used 38222K [0x00000000c0000000, 0x0000000100000000)
  region size 1024K, 1 young (1024K), 0 survivors (0K)
 Metaspace       used 59902K, committed 60288K, reserved 1114112K
  class space    used 7496K, committed 7680K, reserved 1048576K
}
Event: 111074.478 GC heap after
{Heap after GC invocations=1438 (full 1415):
 garbage-first heap   total 75776K, used 38222K [0x00000000c0000000, 0x0000000100000000)
  region size 1024K, 0 young (0K), 0 survivors (0K)
 Metaspace       used 59902K, committed 60288K, reserved 1114112K
  class space    used 7496K, committed 7680K, reserved 1048576K
}
Event: 111084.600 GC heap before
{Heap before GC invocations=1438 (full 1415):
 garbage-first heap   total 75776K, used 38222K [0x00000000c0000000, 0x0000000100000000)
  region size 1024K, 1 young (1024K), 0 survivors (0K)
 Metaspace       used 59902K, committed 60288K, reserved 1114112K
  class space    used 7496K, committed 7680K, reserved 1048576K
}
Event: 111084.631 GC heap after
{Heap after GC invocations=1439 (full 1416):
 garbage-first heap   total 75776K, used 38222K [0x00000000c0000000, 0x0000000100000000)
  region size 1024K, 0 young (0K), 0 survivors (0K)
 Metaspace       used 59902K, committed 60288K, reserved 1114112K
  class space    used 7496K, committed 7680K, reserved 1048576K
}
Event: 111094.699 GC heap before
{Heap before GC invocations=1439 (full 1416):
 garbage-first heap   total 75776K, used 38222K [0x00000000c0000000, 0x0000000100000000)
  region size 1024K, 1 young (1024K), 0 survivors (0K)
 Metaspace       used 59902K, committed 60288K, reserved 1114112K
  class space    used 7496K, committed 7680K, reserved 1048576K
}

Dll operation events (10 events):
Event: 0.008 Loaded shared library c:\Users\admin\.vscode\extensions\redhat.java-1.34.0-win32-x64\jre\17.0.12-win32-x86_64\bin\java.dll
Event: 0.160 Loaded shared library C:\Users\admin\.vscode\extensions\redhat.java-1.34.0-win32-x64\jre\17.0.12-win32-x86_64\bin\net.dll
Event: 0.162 Loaded shared library C:\Users\admin\.vscode\extensions\redhat.java-1.34.0-win32-x64\jre\17.0.12-win32-x86_64\bin\nio.dll
Event: 0.176 Loaded shared library C:\Users\admin\.vscode\extensions\redhat.java-1.34.0-win32-x64\jre\17.0.12-win32-x86_64\bin\zip.dll
Event: 1.854 Loaded shared library C:\Users\admin\.vscode\extensions\redhat.java-1.34.0-win32-x64\jre\17.0.12-win32-x86_64\bin\jimage.dll
Event: 9.751 Loaded shared library c:\Users\admin\.vscode\extensions\redhat.java-1.34.0-win32-x64\jre\17.0.12-win32-x86_64\bin\verify.dll
Event: 18.134 Loaded shared library C:\Users\admin\.vscode\extensions\redhat.java-1.34.0-win32-x64\jre\17.0.12-win32-x86_64\bin\management.dll
Event: 18.152 Loaded shared library C:\Users\admin\.vscode\extensions\redhat.java-1.34.0-win32-x64\jre\17.0.12-win32-x86_64\bin\management_ext.dll
Event: 21.198 Loaded shared library C:\Users\admin\.vscode\extensions\redhat.java-1.34.0-win32-x64\jre\17.0.12-win32-x86_64\bin\sunmscapi.dll
Event: 21.745 Loaded shared library C:\Users\admin\.vscode\extensions\redhat.java-1.34.0-win32-x64\jre\17.0.12-win32-x86_64\bin\extnet.dll

Deoptimization events (18 events):
Event: 19.826 Thread 0x0000020bcde12af0 DEOPT PACKING pc=0x0000020bc0ddb681 sp=0x00000081215fd7d0
Event: 19.826 Thread 0x0000020bcde12af0 DEOPT UNPACKING pc=0x0000020bc0967143 sp=0x00000081215fcc60 mode 3
Event: 19.997 Thread 0x0000020bcde120d0 DEOPT PACKING pc=0x0000020bc0dbe397 sp=0x0000008121aff240
Event: 19.997 Thread 0x0000020bcde120d0 DEOPT UNPACKING pc=0x0000020bc0967143 sp=0x0000008121afe698 mode 3
Event: 21.302 Thread 0x0000020bcde13a20 DEOPT PACKING pc=0x0000020bc0ca0e8c sp=0x0000008121cfa8e0
Event: 21.302 Thread 0x0000020bcde13a20 DEOPT UNPACKING pc=0x0000020bc0967143 sp=0x0000008121cf9da8 mode 0
Event: 371.615 Thread 0x0000020bcde14440 DEOPT PACKING pc=0x0000020bc0ed6fa4 sp=0x0000008120bfec90
Event: 371.615 Thread 0x0000020bcde14440 DEOPT UNPACKING pc=0x0000020bc0967143 sp=0x0000008120bfe178 mode 0
Event: 371.615 Thread 0x0000020bce704fc0 DEOPT PACKING pc=0x0000020bc0ed6fa4 sp=0x0000008121dfec30
Event: 371.615 Thread 0x0000020bce704fc0 DEOPT UNPACKING pc=0x0000020bc0967143 sp=0x0000008121dfe118 mode 0
Event: 371.616 Thread 0x0000020bce707840 DEOPT PACKING pc=0x0000020bc0ed6fa4 sp=0x0000008121efed60
Event: 371.616 Thread 0x0000020bce707840 DEOPT UNPACKING pc=0x0000020bc0967143 sp=0x0000008121efe248 mode 0
Event: 371.616 Thread 0x0000020bce708260 DEOPT PACKING pc=0x0000020bc0ed6fa4 sp=0x00000081217fe8b0
Event: 371.616 Thread 0x0000020bce708260 DEOPT UNPACKING pc=0x0000020bc0967143 sp=0x00000081217fdd98 mode 0
Event: 371.617 Thread 0x0000020bce707840 DEOPT PACKING pc=0x0000020bc0ed6fa4 sp=0x0000008121eff2f0
Event: 371.617 Thread 0x0000020bce707840 DEOPT UNPACKING pc=0x0000020bc0967143 sp=0x0000008121efe7d8 mode 0
Event: 371.617 Thread 0x0000020bce708260 DEOPT PACKING pc=0x0000020bc0ed6fa4 sp=0x00000081217fee40
Event: 371.617 Thread 0x0000020bce708260 DEOPT UNPACKING pc=0x0000020bc0967143 sp=0x00000081217fe328 mode 0

Classes loaded (20 events):
Event: 368.984 Loading class sun/util/ResourceBundleEnumeration
Event: 368.984 Loading class sun/util/ResourceBundleEnumeration done
Event: 369.112 Loading class java/lang/AbstractMethodError
Event: 369.112 Loading class java/lang/AbstractMethodError done
Event: 369.590 Loading class java/io/FileWriter
Event: 369.590 Loading class java/io/FileWriter done
Event: 370.773 Loading class java/lang/NegativeArraySizeException
Event: 370.773 Loading class java/lang/NegativeArraySizeException done
Event: 371.018 Loading class java/util/stream/ReduceOps$4
Event: 371.019 Loading class java/util/stream/ReduceOps$4 done
Event: 371.019 Loading class java/util/stream/ReduceOps$4ReducingSink
Event: 371.020 Loading class java/util/stream/ReduceOps$4ReducingSink done
Event: 371.027 Loading class java/nio/file/Files$2
Event: 371.028 Loading class java/nio/file/Files$2 done
Event: 371.596 Loading class java/util/stream/SliceOps
Event: 371.597 Loading class java/util/stream/SliceOps done
Event: 371.597 Loading class java/util/stream/SliceOps$1
Event: 371.598 Loading class java/util/stream/SliceOps$1 done
Event: 371.602 Loading class java/util/stream/SliceOps$1$1
Event: 371.602 Loading class java/util/stream/SliceOps$1$1 done

Classes unloaded (20 events):
Event: 433.734 Thread 0x0000020bbdd2e9e0 Unloading class 0x0000000100794000 'java/lang/invoke/LambdaForm$MH+0x0000000100794000'
Event: 433.734 Thread 0x0000020bbdd2e9e0 Unloading class 0x0000000100736800 'java/lang/invoke/LambdaForm$MH+0x0000000100736800'
Event: 433.734 Thread 0x0000020bbdd2e9e0 Unloading class 0x0000000100736400 'java/lang/invoke/LambdaForm$MH+0x0000000100736400'
Event: 433.734 Thread 0x0000020bbdd2e9e0 Unloading class 0x0000000100736000 'java/lang/invoke/LambdaForm$MH+0x0000000100736000'
Event: 433.734 Thread 0x0000020bbdd2e9e0 Unloading class 0x0000000100735c00 'java/lang/invoke/LambdaForm$MH+0x0000000100735c00'
Event: 433.734 Thread 0x0000020bbdd2e9e0 Unloading class 0x0000000100735800 'java/lang/invoke/LambdaForm$MH+0x0000000100735800'
Event: 433.734 Thread 0x0000020bbdd2e9e0 Unloading class 0x0000000100735400 'java/lang/invoke/LambdaForm$MH+0x0000000100735400'
Event: 433.734 Thread 0x0000020bbdd2e9e0 Unloading class 0x0000000100734c00 'java/lang/invoke/LambdaForm$MH+0x0000000100734c00'
Event: 433.734 Thread 0x0000020bbdd2e9e0 Unloading class 0x0000000100734800 'java/lang/invoke/LambdaForm$MH+0x0000000100734800'
Event: 433.734 Thread 0x0000020bbdd2e9e0 Unloading class 0x0000000100734400 'java/lang/invoke/LambdaForm$MH+0x0000000100734400'
Event: 433.734 Thread 0x0000020bbdd2e9e0 Unloading class 0x0000000100734000 'java/lang/invoke/LambdaForm$MH+0x0000000100734000'
Event: 433.734 Thread 0x0000020bbdd2e9e0 Unloading class 0x0000000100478800 'java/lang/invoke/LambdaForm$MH+0x0000000100478800'
Event: 433.734 Thread 0x0000020bbdd2e9e0 Unloading class 0x0000000100514400 'java/lang/invoke/LambdaForm$MH+0x0000000100514400'
Event: 433.734 Thread 0x0000020bbdd2e9e0 Unloading class 0x000000010053c000 'java/lang/invoke/LambdaForm$MH+0x000000010053c000'
Event: 433.734 Thread 0x0000020bbdd2e9e0 Unloading class 0x000000010058d000 'java/lang/invoke/LambdaForm$MH+0x000000010058d000'
Event: 433.734 Thread 0x0000020bbdd2e9e0 Unloading class 0x000000010058d800 'java/lang/invoke/LambdaForm$MH+0x000000010058d800'
Event: 433.735 Thread 0x0000020bbdd2e9e0 Unloading class 0x000000010059c800 'java/lang/invoke/LambdaForm$MH+0x000000010059c800'
Event: 433.735 Thread 0x0000020bbdd2e9e0 Unloading class 0x0000000100618400 'java/lang/invoke/LambdaForm$MH+0x0000000100618400'
Event: 433.735 Thread 0x0000020bbdd2e9e0 Unloading class 0x0000000100620000 'java/lang/invoke/LambdaForm$MH+0x0000000100620000'
Event: 433.735 Thread 0x0000020bbdd2e9e0 Unloading class 0x00000001006ae800 'java/lang/invoke/LambdaForm$MH+0x00000001006ae800'

Classes redefined (0 events):
No events

Internal exceptions (20 events):
Event: 21.054 Thread 0x0000020bcde13a20 Exception <a 'java/lang/NoSuchMethodError'{0x00000000c3555160}: 'java.lang.Object java.lang.invoke.DirectMethodHandle$Holder.invokeStaticInit(java.lang.Object, java.lang.Object, int)'> (0x00000000c3555160) 
thrown [s\src\hotspot\share\interpreter\linkResolver.cpp, line 759]
Event: 21.056 Thread 0x0000020bcde13a20 Exception <a 'java/lang/NoSuchMethodError'{0x00000000c355b330}: 'java.lang.Object java.lang.invoke.DirectMethodHandle$Holder.newInvokeSpecial(java.lang.Object, java.lang.Object, int)'> (0x00000000c355b330) 
thrown [s\src\hotspot\share\interpreter\linkResolver.cpp, line 759]
Event: 21.087 Thread 0x0000020bcde13a20 Exception <a 'java/lang/NoSuchMethodError'{0x00000000c357aad0}: 'int java.lang.invoke.DirectMethodHandle$Holder.invokeSpecialIFC(java.lang.Object, java.lang.Object, java.lang.Object)'> (0x00000000c357aad0) 
thrown [s\src\hotspot\share\interpreter\linkResolver.cpp, line 759]
Event: 21.292 Thread 0x0000020bcde13a20 Exception <a 'sun/nio/fs/WindowsException'{0x00000000c34a42e0}> (0x00000000c34a42e0) 
thrown [s\src\hotspot\share\prims\jni.cpp, line 516]
Event: 21.902 Thread 0x0000020bcde13a20 Exception <a 'java/lang/NoSuchMethodError'{0x00000000c3c14e58}: 'void java.lang.invoke.DirectMethodHandle$Holder.invokeStatic(java.lang.Object, java.lang.Object, java.lang.Object, java.lang.Object, java.lang.Object, java.lang.Object, java.lang.Object)'> (0x00000000c3c14e58) 
thrown [s\src\hotspot\share\interpreter\linkResolver.cpp, line 759]
Event: 22.070 Thread 0x0000020bcde14440 Exception <a 'java/lang/NoSuchMethodError'{0x00000000c3925cd8}: 'int java.lang.invoke.DirectMethodHandle$Holder.invokeStatic(java.lang.Object, int, java.lang.Object)'> (0x00000000c3925cd8) 
thrown [s\src\hotspot\share\interpreter\linkResolver.cpp, line 759]
Event: 22.208 Thread 0x0000020bce5e53d0 Exception <a 'java/lang/NoSuchMethodError'{0x00000000c38af778}: 'void java.lang.invoke.DirectMethodHandle$Holder.invokeInterface(java.lang.Object, java.lang.Object)'> (0x00000000c38af778) 
thrown [s\src\hotspot\share\interpreter\linkResolver.cpp, line 759]
Event: 58.074 Thread 0x0000020bcde13f30 Exception <a 'java/lang/NoSuchMethodError'{0x00000000c3cae7d0}: 'void java.lang.invoke.DirectMethodHandle$Holder.invokeStatic(java.lang.Object, long)'> (0x00000000c3cae7d0) 
thrown [s\src\hotspot\share\interpreter\linkResolver.cpp, line 759]
Event: 58.075 Thread 0x0000020bcde13f30 Exception <a 'java/lang/NoSuchMethodError'{0x00000000c3cb3b80}: 'java.lang.Object java.lang.invoke.DirectMethodHandle$Holder.newInvokeSpecial(java.lang.Object, long)'> (0x00000000c3cb3b80) 
thrown [s\src\hotspot\share\interpreter\linkResolver.cpp, line 759]
Event: 366.467 Thread 0x0000020bcde12af0 Exception <a 'java/lang/NoSuchMethodError'{0x00000000c3fcce50}: 'java.lang.Object java.lang.invoke.DirectMethodHandle$Holder.invokeStatic(java.lang.Object, java.lang.Object, java.lang.Object, int, java.lang.Object, java.lang.Object)'> (0x00000000c3fcce50) 
thrown [s\src\hotspot\share\interpreter\linkResolver.cpp, line 759]
Event: 367.026 Thread 0x0000020bce7096a0 Exception <a 'java/lang/NoSuchMethodError'{0x00000000c3568688}: 'java.lang.Object java.lang.invoke.DirectMethodHandle$Holder.newInvokeSpecial(java.lang.Object, java.lang.Object, java.lang.Object, java.lang.Object, java.lang.Object, long)'> (0x00000000c3568688) 
thrown [s\src\hotspot\share\interpreter\linkResolver.cpp, line 759]
Event: 367.027 Thread 0x0000020bce7096a0 Exception <a 'java/lang/NoSuchMethodError'{0x00000000c356e918}: 'java.lang.Object java.lang.invoke.DirectMethodHandle$Holder.invokeSpecial(java.lang.Object, java.lang.Object, java.lang.Object, java.lang.Object, java.lang.Object, java.lang.Object, long)'> (0x00000000c356e918) 
thrown [s\src\hotspot\share\interpreter\linkResolver.cpp, line 759]
Event: 367.330 Thread 0x0000020bcde111a0 Exception <a 'java/lang/NoSuchMethodError'{0x00000000c3e72068}: 'java.lang.Object java.lang.invoke.Invokers$Holder.invoke_MT(java.lang.Object, java.lang.Object, java.lang.Object)'> (0x00000000c3e72068) 
thrown [s\src\hotspot\share\interpreter\linkResolver.cpp, line 759]
Event: 370.864 Thread 0x0000020bcde111a0 Exception <a 'java/lang/IncompatibleClassChangeError'{0x00000000c3e255a8}: Found class java.lang.Object, but interface was expected> (0x00000000c3e255a8) 
thrown [s\src\hotspot\share\interpreter\linkResolver.cpp, line 826]
Event: 371.303 Thread 0x0000020bcde111a0 Exception <a 'java/lang/NoSuchMethodError'{0x00000000c43804d8}: 'java.lang.Object java.lang.invoke.DirectMethodHandle$Holder.newInvokeSpecial(java.lang.Object, java.lang.Object, int, java.lang.Object)'> (0x00000000c43804d8) 
thrown [s\src\hotspot\share\interpreter\linkResolver.cpp, line 759]
Event: 371.304 Thread 0x0000020bcde111a0 Exception <a 'java/lang/NoSuchMethodError'{0x00000000c43840a0}: 'java.lang.Object java.lang.invoke.Invokers$Holder.linkToTargetMethod(java.lang.Object, int, java.lang.Object, java.lang.Object)'> (0x00000000c43840a0) 
thrown [s\src\hotspot\share\interpreter\linkResolver.cpp, line 759]
Event: 371.305 Thread 0x0000020bcde111a0 Exception <a 'java/lang/NoSuchMethodError'{0x00000000c4387a70}: 'void java.lang.invoke.DirectMethodHandle$Holder.invokeStatic(java.lang.Object, int, java.lang.Object)'> (0x00000000c4387a70) 
thrown [s\src\hotspot\share\interpreter\linkResolver.cpp, line 759]
Event: 110910.484 Thread 0x0000020bcde13f30 Exception <a 'java/io/IOException'{0x00000000c4900628}: CreateProcess error=1455, The paging file is too small for this operation to complete> (0x00000000c4900628) 
thrown [s\src\hotspot\share\prims\jni.cpp, line 535]
Event: 110921.372 Thread 0x0000020bcde13f30 Exception <a 'java/io/IOException'{0x00000000c4926668}: CreateProcess error=1455, The paging file is too small for this operation to complete> (0x00000000c4926668) 
thrown [s\src\hotspot\share\prims\jni.cpp, line 535]
Event: 110931.394 Thread 0x0000020bcde13f30 Exception <a 'java/io/IOException'{0x00000000c492d858}: CreateProcess error=1455, The paging file is too small for this operation to complete> (0x00000000c492d858) 
thrown [s\src\hotspot\share\prims\jni.cpp, line 535]

VM Operations (20 events):
Event: 110992.798 Executing VM operation: G1CollectFull done
Event: 111002.959 Executing VM operation: G1CollectFull
Event: 111002.992 Executing VM operation: G1CollectFull done
Event: 111013.165 Executing VM operation: G1CollectFull
Event: 111013.196 Executing VM operation: G1CollectFull done
Event: 111023.344 Executing VM operation: G1CollectFull
Event: 111023.381 Executing VM operation: G1CollectFull done
Event: 111033.526 Executing VM operation: G1CollectFull
Event: 111033.557 Executing VM operation: G1CollectFull done
Event: 111043.711 Executing VM operation: G1CollectFull
Event: 111043.744 Executing VM operation: G1CollectFull done
Event: 111053.930 Executing VM operation: G1CollectFull
Event: 111053.964 Executing VM operation: G1CollectFull done
Event: 111064.118 Executing VM operation: G1CollectFull
Event: 111064.147 Executing VM operation: G1CollectFull done
Event: 111074.314 Executing VM operation: G1CollectFull
Event: 111074.478 Executing VM operation: G1CollectFull done
Event: 111084.599 Executing VM operation: G1CollectFull
Event: 111084.631 Executing VM operation: G1CollectFull done
Event: 111094.699 Executing VM operation: G1CollectFull

Events (20 events):
Event: 431.566 Thread 0x0000020bcde111a0 Thread exited: 0x0000020bcde111a0
Event: 431.581 Thread 0x0000020bce70a5d0 Thread exited: 0x0000020bce70a5d0
Event: 431.627 Thread 0x0000020bce707840 Thread exited: 0x0000020bce707840
Event: 431.627 Thread 0x0000020bce708260 Thread exited: 0x0000020bce708260
Event: 431.627 Thread 0x0000020bcde14440 Thread exited: 0x0000020bcde14440
Event: 440.200 Thread 0x0000020bce70a0c0 Thread exited: 0x0000020bce70a0c0
Event: 449.145 Thread 0x0000020bce704fc0 Thread exited: 0x0000020bce704fc0
Event: 500.214 Thread 0x0000020bce706400 Thread exited: 0x0000020bce706400
Event: 23631.669 Thread 0x0000020bce706e20 Thread added: 0x0000020bce706e20
Event: 23632.078 Thread 0x0000020bce7059e0 Thread added: 0x0000020bce7059e0
Event: 23692.381 Thread 0x0000020bce7059e0 Thread exited: 0x0000020bce7059e0
Event: 23697.548 Thread 0x0000020bce706e20 Thread exited: 0x0000020bce706e20
Event: 24283.458 Thread 0x0000020bce704090 Thread added: 0x0000020bce704090
Event: 24283.462 Thread 0x0000020bce706910 Thread added: 0x0000020bce706910
Event: 24283.512 Thread 0x0000020bceafd890 Thread added: 0x0000020bceafd890
Event: 24283.513 Thread 0x0000020bcd9be3a0 Thread added: 0x0000020bcd9be3a0
Event: 24288.526 Thread 0x0000020bcd9be3a0 Thread exited: 0x0000020bcd9be3a0
Event: 24293.540 Thread 0x0000020bceafd890 Thread exited: 0x0000020bceafd890
Event: 24827.103 Thread 0x0000020bce706910 Thread exited: 0x0000020bce706910
Event: 24827.103 Thread 0x0000020bce704090 Thread exited: 0x0000020bce704090


Dynamic libraries:
0x00007ff6e4ec0000 - 0x00007ff6e4ece000 	c:\Users\admin\.vscode\extensions\redhat.java-1.34.0-win32-x64\jre\17.0.12-win32-x86_64\bin\java.exe
0x00007fffcf070000 - 0x00007fffcf266000 	C:\Windows\SYSTEM32\ntdll.dll
0x00007fffcef70000 - 0x00007fffcf02d000 	C:\Windows\System32\KERNEL32.DLL
0x00007fffccc10000 - 0x00007fffcced8000 	C:\Windows\System32\KERNELBASE.dll
0x00007fffccb10000 - 0x00007fffccc10000 	C:\Windows\System32\ucrtbase.dll
0x00007fffc7f30000 - 0x00007fffc7f47000 	c:\Users\admin\.vscode\extensions\redhat.java-1.34.0-win32-x64\jre\17.0.12-win32-x86_64\bin\jli.dll
0x00007fffcd270000 - 0x00007fffcd410000 	C:\Windows\System32\USER32.dll
0x00007fffccae0000 - 0x00007fffccb02000 	C:\Windows\System32\win32u.dll
0x00007fffce290000 - 0x00007fffce2ba000 	C:\Windows\System32\GDI32.dll
0x00007fffcc9d0000 - 0x00007fffccad9000 	C:\Windows\System32\gdi32full.dll
0x00007fffcd040000 - 0x00007fffcd0dd000 	C:\Windows\System32\msvcp_win.dll
0x00007fffc4e60000 - 0x00007fffc4e7b000 	c:\Users\admin\.vscode\extensions\redhat.java-1.34.0-win32-x64\jre\17.0.12-win32-x86_64\bin\VCRUNTIME140.dll
0x00007fffb8990000 - 0x00007fffb8c2b000 	C:\Windows\WinSxS\amd64_microsoft.windows.common-controls_6595b64144ccf1df_6.0.19041.488_none_ca04af081b815d21\COMCTL32.dll
0x00007fffceec0000 - 0x00007fffcef5e000 	C:\Windows\System32\msvcrt.dll
0x00007fffce8d0000 - 0x00007fffce900000 	C:\Windows\System32\IMM32.DLL
0x00007fffca070000 - 0x00007fffca07c000 	c:\Users\admin\.vscode\extensions\redhat.java-1.34.0-win32-x64\jre\17.0.12-win32-x86_64\bin\vcruntime140_1.dll
0x00007fffb4670000 - 0x00007fffb46fd000 	c:\Users\admin\.vscode\extensions\redhat.java-1.34.0-win32-x64\jre\17.0.12-win32-x86_64\bin\msvcp140.dll
0x00007fff76480000 - 0x00007fff770ea000 	c:\Users\admin\.vscode\extensions\redhat.java-1.34.0-win32-x64\jre\17.0.12-win32-x86_64\bin\server\jvm.dll
0x00007fffcd1c0000 - 0x00007fffcd26a000 	C:\Windows\System32\ADVAPI32.dll
0x00007fffceb70000 - 0x00007fffcec0b000 	C:\Windows\System32\sechost.dll
0x00007fffce7a0000 - 0x00007fffce8c4000 	C:\Windows\System32\RPCRT4.dll
0x00007fffce2c0000 - 0x00007fffce32b000 	C:\Windows\System32\WS2_32.dll
0x00007fffcc1c0000 - 0x00007fffcc20b000 	C:\Windows\SYSTEM32\POWRPROF.dll
0x00007fffc36b0000 - 0x00007fffc36d7000 	C:\Windows\SYSTEM32\WINMM.dll
0x00007fffc0c40000 - 0x00007fffc0c4a000 	C:\Windows\SYSTEM32\VERSION.dll
0x00007fffcc170000 - 0x00007fffcc182000 	C:\Windows\SYSTEM32\UMPDC.dll
0x00007fffca710000 - 0x00007fffca722000 	C:\Windows\SYSTEM32\kernel.appcore.dll
0x00007fffc61a0000 - 0x00007fffc61aa000 	c:\Users\admin\.vscode\extensions\redhat.java-1.34.0-win32-x64\jre\17.0.12-win32-x86_64\bin\jimage.dll
0x00007fffbfb10000 - 0x00007fffbfcf4000 	C:\Windows\SYSTEM32\DBGHELP.DLL
0x00007fffbf9f0000 - 0x00007fffbfa1c000 	C:\Windows\SYSTEM32\dbgcore.DLL
0x00007fffccee0000 - 0x00007fffccf5f000 	C:\Windows\System32\bcryptPrimitives.dll
0x00007fffc34a0000 - 0x00007fffc34c5000 	c:\Users\admin\.vscode\extensions\redhat.java-1.34.0-win32-x64\jre\17.0.12-win32-x86_64\bin\java.dll
0x00007fffc3480000 - 0x00007fffc3498000 	c:\Users\admin\.vscode\extensions\redhat.java-1.34.0-win32-x64\jre\17.0.12-win32-x86_64\bin\zip.dll
0x00007fffcd770000 - 0x00007fffcdeb0000 	C:\Windows\System32\SHELL32.dll
0x00007fffca910000 - 0x00007fffcb0a4000 	C:\Windows\SYSTEM32\windows.storage.dll
0x00007fffcd410000 - 0x00007fffcd765000 	C:\Windows\System32\combase.dll
0x00007fffcc230000 - 0x00007fffcc25c000 	C:\Windows\SYSTEM32\Wldp.dll
0x00007fffce1e0000 - 0x00007fffce28e000 	C:\Windows\System32\SHCORE.dll
0x00007fffcd160000 - 0x00007fffcd1b5000 	C:\Windows\System32\shlwapi.dll
0x00007fffcc6f0000 - 0x00007fffcc716000 	C:\Windows\SYSTEM32\profapi.dll
0x00007fffb7d00000 - 0x00007fffb7d19000 	C:\Users\admin\.vscode\extensions\redhat.java-1.34.0-win32-x64\jre\17.0.12-win32-x86_64\bin\net.dll
0x00007fffc3bf0000 - 0x00007fffc3cf0000 	C:\Windows\SYSTEM32\WINHTTP.dll
0x00007fffcbf40000 - 0x00007fffcbfaa000 	C:\Windows\system32\mswsock.dll
0x00007fffb7290000 - 0x00007fffb72a6000 	C:\Users\admin\.vscode\extensions\redhat.java-1.34.0-win32-x64\jre\17.0.12-win32-x86_64\bin\nio.dll
0x00007fffb9510000 - 0x00007fffb9520000 	c:\Users\admin\.vscode\extensions\redhat.java-1.34.0-win32-x64\jre\17.0.12-win32-x86_64\bin\verify.dll
0x00007fffcc110000 - 0x00007fffcc128000 	C:\Windows\SYSTEM32\CRYPTSP.dll
0x00007fffcb870000 - 0x00007fffcb8a4000 	C:\Windows\system32\rsaenh.dll
0x00007fffccfb0000 - 0x00007fffccfd7000 	C:\Windows\System32\bcrypt.dll
0x00007fffcc670000 - 0x00007fffcc69e000 	C:\Windows\SYSTEM32\USERENV.dll
0x00007fffcc130000 - 0x00007fffcc13c000 	C:\Windows\SYSTEM32\CRYPTBASE.dll
0x00007fffcbbd0000 - 0x00007fffcbc0b000 	C:\Windows\SYSTEM32\IPHLPAPI.DLL
0x00007fffcdf40000 - 0x00007fffcdf49000 	C:\Windows\System32\NSI.dll
0x00007fffc5ce0000 - 0x00007fffc5cf7000 	C:\Windows\SYSTEM32\dhcpcsvc6.DLL
0x00007fffc64c0000 - 0x00007fffc64dd000 	C:\Windows\SYSTEM32\dhcpcsvc.DLL
0x00007fffcbc10000 - 0x00007fffcbcdb000 	C:\Windows\SYSTEM32\DNSAPI.dll
0x00007fffc87c0000 - 0x00007fffc87c9000 	C:\Users\admin\.vscode\extensions\redhat.java-1.34.0-win32-x64\jre\17.0.12-win32-x86_64\bin\management.dll
0x00007fffc87b0000 - 0x00007fffc87bb000 	C:\Users\admin\.vscode\extensions\redhat.java-1.34.0-win32-x64\jre\17.0.12-win32-x86_64\bin\management_ext.dll
0x00007fffcef60000 - 0x00007fffcef68000 	C:\Windows\System32\PSAPI.DLL
0x00007fffca080000 - 0x00007fffca08e000 	C:\Users\admin\.vscode\extensions\redhat.java-1.34.0-win32-x64\jre\17.0.12-win32-x86_64\bin\sunmscapi.dll
0x00007fffcc870000 - 0x00007fffcc9cd000 	C:\Windows\System32\CRYPT32.dll
0x00007fffcc2a0000 - 0x00007fffcc2c7000 	C:\Windows\SYSTEM32\ncrypt.dll
0x00007fffcc260000 - 0x00007fffcc29b000 	C:\Windows\SYSTEM32\NTASN1.dll
0x00007fffc87a0000 - 0x00007fffc87a7000 	C:\Windows\system32\wshunix.dll
0x00007fffc7f90000 - 0x00007fffc7f99000 	C:\Users\admin\.vscode\extensions\redhat.java-1.34.0-win32-x64\jre\17.0.12-win32-x86_64\bin\extnet.dll
0x00007fffc36e0000 - 0x00007fffc36ea000 	C:\Windows\System32\rasadhlp.dll
0x00007fffc3b70000 - 0x00007fffc3bef000 	C:\Windows\System32\fwpuclnt.dll

dbghelp: loaded successfully - version: 4.0.5 - missing functions: none
symbol engine: initialized successfully - sym options: 0x614 - pdb path: .;c:\Users\admin\.vscode\extensions\redhat.java-1.34.0-win32-x64\jre\17.0.12-win32-x86_64\bin;C:\Windows\SYSTEM32;C:\Windows\WinSxS\amd64_microsoft.windows.common-controls_6595b64144ccf1df_6.0.19041.488_none_ca04af081b815d21;c:\Users\admin\.vscode\extensions\redhat.java-1.34.0-win32-x64\jre\17.0.12-win32-x86_64\bin\server

VM Arguments:
jvm_args: -Xmx1024m -Dsts.lsp.client=vscode -Dsts.log.file=/dev/null -XX:TieredStopAtLevel=1 -Xlog:jni+resolve=off 
java_command: c:\Users\admin\.vscode\extensions\vmware.vscode-spring-boot-1.57.0\language-server\spring-boot-language-server-1.57.0-SNAPSHOT-exec.jar
java_class_path (initial): c:\Users\admin\.vscode\extensions\vmware.vscode-spring-boot-1.57.0\language-server\spring-boot-language-server-1.57.0-SNAPSHOT-exec.jar
Launcher Type: SUN_STANDARD

[Global flags]
     intx CICompilerCount                          = 3                                         {product} {ergonomic}
     uint ConcGCThreads                            = 1                                         {product} {ergonomic}
     uint G1ConcRefinementThreads                  = 4                                         {product} {ergonomic}
   size_t G1HeapRegionSize                         = 1048576                                   {product} {ergonomic}
    uintx GCDrainStackTargetSize                   = 64                                        {product} {ergonomic}
   size_t InitialHeapSize                          = 67108864                                  {product} {ergonomic}
   size_t MarkStackSize                            = 4194304                                   {product} {ergonomic}
   size_t MaxHeapSize                              = 1073741824                                {product} {command line}
   size_t MaxNewSize                               = 643825664                                 {product} {ergonomic}
   size_t MinHeapDeltaBytes                        = 1048576                                   {product} {ergonomic}
   size_t MinHeapSize                              = 8388608                                   {product} {ergonomic}
    uintx NonProfiledCodeHeapSize                  = 0                                      {pd product} {ergonomic}
     bool ProfileInterpreter                       = false                                  {pd product} {command line}
    uintx ProfiledCodeHeapSize                     = 0                                      {pd product} {ergonomic}
   size_t SoftMaxHeapSize                          = 1073741824                             {manageable} {ergonomic}
     intx TieredStopAtLevel                        = 1                                         {product} {command line}
     bool UseCompressedClassPointers               = true                           {product lp64_product} {ergonomic}
     bool UseCompressedOops                        = true                           {product lp64_product} {ergonomic}
     bool UseG1GC                                  = true                                      {product} {ergonomic}
     bool UseLargePagesIndividualAllocation        = false                                  {pd product} {ergonomic}

Logging:
Log output configuration:
 #0: stdout all=warning,jni+resolve=off uptime,level,tags
 #1: stderr all=off uptime,level,tags

Environment Variables:
PATH=C:\Program Files\Common Files\Oracle\Java\javapath;C:\Python311\Scripts\;C:\Python311\;C:\Windows\system32;C:\Windows;C:\Windows\System32\Wbem;C:\Windows\System32\WindowsPowerShell\v1.0\;C:\Windows\System32\OpenSSH\;C:\Program Files\nodejs\;C:\ProgramData\chocolatey\bin;C:\Program Files (x86)\Microsoft SQL Server\150\DTS\Binn\;C:\Program Files\Azure Data Studio\bin;C:\Program Files\Git\cmd;C:\Program Files\MySQL\MySQL Shell 8.0\bin\;C:\Users\admin\AppData\Local\Microsoft\WindowsApps;F:\Microsoft VS Code\bin;C:\Program Files\nodejs;C:\Users\admin\AppData\Roaming\npm;C:\Program Files\Azure Data Studio\bin
USERNAME=admin
OS=Windows_NT
PROCESSOR_IDENTIFIER=Intel64 Family 6 Model 142 Stepping 9, GenuineIntel
TMP=C:\Users\admin\AppData\Local\Temp
TEMP=C:\Users\admin\AppData\Local\Temp



Periodic native trim disabled


---------------  S Y S T E M  ---------------

OS:
 Windows 10 , 64 bit Build 19041 (10.0.19041.546)
OS uptime: 1 days 7:17 hours

CPU: total 4 (initial active 4) (2 cores per cpu, 2 threads per core) family 6 model 142 stepping 9 microcode 0xb4, cx8, cmov, fxsr, ht, mmx, 3dnowpref, sse, sse2, sse3, ssse3, sse4.1, sse4.2, popcnt, lzcnt, tsc, tscinvbit, avx, avx2, aes, erms, clmul, bmi1, bmi2, adx, fma, vzeroupper, clflush, clflushopt
Processor Information for all 4 processors :
  Max Mhz: 2701, Current Mhz: 2701, Mhz Limit: 2701

Memory: 4k page, system-wide physical 4012M (404M free)
TotalPageFile size 16300M (AvailPageFile size 10M)
current process WorkingSet (physical memory assigned to process): 67M, peak: 186M
current process commit charge ("private bytes"): 234M, peak: 238M

vm_info: OpenJDK 64-Bit Server VM (17.0.12+7) for windows-amd64 JRE (17.0.12+7), built on Jul 16 2024 22:08:24 by "admin" with MS VC++ 16.10 / 16.11 (VS2019)

END.
